<?xml version="1.0" encoding="UTF-8"?>
<!-- Generated by org.testng.reporters.JUnitReportReporter -->
<testsuite hostname="DESKTOP-4IAP090" failures="0" tests="1" name="runner.TestRunner" time="4.131" errors="0" timestamp="13 May 2021 19:35:41 GMT" skipped="0">
  <testcase classname="runner.TestRunner" name="feature" time="4.131"/>
</testsuite> <!-- runner.TestRunner -->
