<?xml version="1.0" encoding="UTF-8"?>
<!-- Generated by org.testng.reporters.JUnitReportReporter -->
<testsuite hostname="DESKTOP-4IAP090" failures="0" tests="1" name="Test.TestPreHome" time="1.317" errors="0" timestamp="27 Jun 2020 12:39:28 GMT" skipped="0">
  <testcase classname="Test.TestPreHome" name="clickOnBtn" time="1.317"/>
</testsuite> <!-- Test.TestPreHome -->
