<?xml version="1.0" encoding="UTF-8"?>
<!-- Generated by org.testng.reporters.JUnitReportReporter -->
<testsuite hostname="DESKTOP-4IAP090" failures="0" tests="1" name="runner.TestRunner" time="7.283" errors="0" timestamp="27 Jun 2020 12:39:28 GMT" skipped="0">
  <testcase classname="runner.TestRunner" name="feature" time="7.283"/>
</testsuite> <!-- runner.TestRunner -->
